<?xml version="1.0" encoding="UTF-8"?>
<!-- Generated by org.testng.reporters.JUnitReportReporter -->
<testsuite hostname="Abdul-Hamid-Raza" failures="0" tests="4" name="testNGParallel.TestParallelMethodClass1" time="32.732" errors="0" timestamp="2020-07-19T02:16:10 IST" skipped="0">
  <testcase classname="testNGParallel.TestParallelMethodClass1" name="openYahoo" time="8.574"/>
  <system-out/>
  <testcase classname="testNGParallel.TestParallelMethodClass1" name="openIn" time="4.805"/>
  <system-out/>
  <testcase classname="testNGParallel.TestParallelMethodClass1" name="openGoogle" time="9.850"/>
  <system-out/>
  <testcase classname="testNGParallel.TestParallelMethodClass1" name="openGuru99" time="9.503"/>
  <system-out/>
</testsuite> <!-- testNGParallel.TestParallelMethodClass1 -->
