<?xml version="1.0" encoding="UTF-8"?>
<!-- Generated by org.testng.reporters.JUnitReportReporter -->
<testsuite hostname="Abdul-Hamid-Raza" failures="0" tests="3" name="testNGTestPackage.TestNGTestingParallel" time="13.521" errors="0" timestamp="2020-07-17T14:40:47 IST" skipped="0">
  <testcase classname="testNGTestPackage.TestNGTestingParallel" name="login" time="2.620"/>
  <system-out/>
  <testcase classname="testNGTestPackage.TestNGTestingParallel" name="goToNewAccount" time="5.218"/>
  <system-out/>
  <testcase classname="testNGTestPackage.TestNGTestingParallel" name="goToNewCust" time="5.683"/>
  <system-out/>
</testsuite> <!-- testNGTestPackage.TestNGTestingParallel -->
