<?xml version="1.0" encoding="UTF-8"?>
<!-- Generated by org.testng.reporters.JUnitReportReporter -->
<testsuite hostname="Abdul-Hamid-Raza" failures="0" tests="12" name="testNGParallel.TestNGParallelThreadLocal" time="88.059" errors="0" timestamp="2020-07-19T21:31:20 IST" skipped="0">
  <testcase classname="testNGParallel.TestNGParallelThreadLocal" name="openGoogle" time="4.905"/>
  <system-out/>
  <testcase classname="testNGParallel.TestNGParallelThreadLocal" name="openInCom" time="1.925"/>
  <system-out/>
  <testcase classname="testNGParallel.TestNGParallelThreadLocal" name="openGUru99" time="9.219"/>
  <system-out/>
  <testcase classname="testNGParallel.TestNGParallelThreadLocal" name="openInCom" time="10.109"/>
  <system-out/>
  <testcase classname="testNGParallel.TestNGParallelThreadLocal" name="openGoogle" time="3.906"/>
  <system-out/>
  <testcase classname="testNGParallel.TestNGParallelThreadLocal" name="openInCom" time="7.539"/>
  <system-out/>
  <testcase classname="testNGParallel.TestNGParallelThreadLocal" name="openGUru99" time="13.278"/>
  <system-out/>
  <testcase classname="testNGParallel.TestNGParallelThreadLocal" name="openGoogle" time="3.331"/>
  <system-out/>
  <testcase classname="testNGParallel.TestNGParallelThreadLocal" name="openGUru99" time="13.232"/>
  <system-out/>
  <testcase classname="testNGParallel.TestNGParallelThreadLocal" name="openInCom" time="3.533"/>
  <system-out/>
  <testcase classname="testNGParallel.TestNGParallelThreadLocal" name="openGUru99" time="13.796"/>
  <system-out/>
  <testcase classname="testNGParallel.TestNGParallelThreadLocal" name="openGoogle" time="3.286"/>
  <system-out/>
</testsuite> <!-- testNGParallel.TestNGParallelThreadLocal -->
