<?xml version="1.0" encoding="UTF-8"?>
<!-- Generated by org.testng.reporters.JUnitReportReporter -->
<testsuite hostname="Abdul-Hamid-Raza" failures="0" tests="1" name="testSelenium.SeleniumDatabase" time="0.222" errors="0" timestamp="2020-07-15T14:35:36 IST" skipped="0">
  <testcase classname="testSelenium.SeleniumDatabase" name="testDB" time="0.222"/>
  <system-out/>
</testsuite> <!-- testSelenium.SeleniumDatabase -->
